<?xml version="1.0" encoding="UTF-8"?>
<!-- Generated by org.testng.reporters.JUnitXMLReporter -->
<testsuite ignored="0" hostname="DESKTOP-T9QN3PE" failures="0" tests="6" name="Regression" time="72.538" errors="0" timestamp="2022-11-23T00:17:26 IST">
  <testcase classname="com.testngdemo.test3" name="instalaunch" time="5.207"/>
  <testcase classname="com.testngdemo.test2" name="signup" time="2.559"/>
  <testcase classname="com.testngdemo.test2" name="signup" time="2.556"/>
  <testcase classname="com.testngdemo.test2" name="signup1" time="2.575"/>
  <testcase classname="com.testngdemo.test2" name="signup1" time="2.561"/>
  <testcase classname="com.testngdemo.test2" name="signup2" time="5.114"/>
</testsuite> <!-- Regression -->
